PREHOOK: query: explain select sum(t1.td) from (select  v1.csmallint as tsi, v1.cdouble as td from alltypesorc v1, alltypesorc v2 where v1.ctinyint=v2.ctinyint) t1 join alltypesorc v3 on t1.tsi=v3.csmallint
PREHOOK: type: QUERY
POSTHOOK: query: explain select sum(t1.td) from (select  v1.csmallint as tsi, v1.cdouble as td from alltypesorc v1, alltypesorc v2 where v1.ctinyint=v2.ctinyint) t1 join alltypesorc v3 on t1.tsi=v3.csmallint
POSTHOOK: type: QUERY
STAGE DEPENDENCIES:
  Stage-1 is a root stage
  Stage-0 depends on stages: Stage-1

STAGE PLANS:
  Stage: Stage-1
    Tez
      Edges:
        Map 1 <- Map 4 (BROADCAST_EDGE)
        Map 4 <- Map 3 (BROADCAST_EDGE)
        Reducer 2 <- Map 1 (SIMPLE_EDGE)
#### A masked pattern was here ####
      Vertices:
        Map 1 
            Map Operator Tree:
                TableScan
                  alias: v3
                  Statistics: Num rows: 12288 Data size: 377237 Basic stats: COMPLETE Column stats: NONE
                  Filter Operator
                    predicate: csmallint is not null (type: boolean)
                    Statistics: Num rows: 6144 Data size: 188618 Basic stats: COMPLETE Column stats: NONE
                    Map Join Operator
                      condition map:
                           Inner Join 0 to 1
                      condition expressions:
                        0 {_col1}
                        1 
                      keys:
                        0 _col0 (type: smallint)
                        1 csmallint (type: smallint)
                      outputColumnNames: _col1
                      input vertices:
                        0 Map 4
                      Statistics: Num rows: 6758 Data size: 207479 Basic stats: COMPLETE Column stats: NONE
                      Select Operator
                        expressions: _col1 (type: double)
                        outputColumnNames: _col1
                        Statistics: Num rows: 6758 Data size: 207479 Basic stats: COMPLETE Column stats: NONE
                        Group By Operator
                          aggregations: sum(_col1)
                          mode: hash
                          outputColumnNames: _col0
                          Statistics: Num rows: 1 Data size: 8 Basic stats: COMPLETE Column stats: NONE
                          Reduce Output Operator
                            sort order: 
                            Statistics: Num rows: 1 Data size: 8 Basic stats: COMPLETE Column stats: NONE
                            value expressions: _col0 (type: double)
            Execution mode: vectorized
        Map 3 
            Map Operator Tree:
                TableScan
                  alias: v1
                  Statistics: Num rows: 12288 Data size: 377237 Basic stats: COMPLETE Column stats: NONE
                  Filter Operator
                    predicate: (ctinyint is not null and csmallint is not null) (type: boolean)
                    Statistics: Num rows: 3072 Data size: 94309 Basic stats: COMPLETE Column stats: NONE
                    Reduce Output Operator
                      key expressions: ctinyint (type: tinyint)
                      sort order: +
                      Map-reduce partition columns: ctinyint (type: tinyint)
                      Statistics: Num rows: 3072 Data size: 94309 Basic stats: COMPLETE Column stats: NONE
                      value expressions: csmallint (type: smallint), cdouble (type: double)
            Execution mode: vectorized
        Map 4 
            Map Operator Tree:
                TableScan
                  alias: v2
                  Statistics: Num rows: 12288 Data size: 377237 Basic stats: COMPLETE Column stats: NONE
                  Filter Operator
                    predicate: ctinyint is not null (type: boolean)
                    Statistics: Num rows: 6144 Data size: 188618 Basic stats: COMPLETE Column stats: NONE
                    Map Join Operator
                      condition map:
                           Inner Join 0 to 1
                      condition expressions:
                        0 {ctinyint} {csmallint} {cdouble}
                        1 {ctinyint}
                      keys:
                        0 ctinyint (type: tinyint)
                        1 ctinyint (type: tinyint)
                      outputColumnNames: _col0, _col1, _col5, _col15
                      input vertices:
                        0 Map 3
                      Statistics: Num rows: 6758 Data size: 207479 Basic stats: COMPLETE Column stats: NONE
                      Filter Operator
                        predicate: (_col0 = _col15) (type: boolean)
                        Statistics: Num rows: 3379 Data size: 103739 Basic stats: COMPLETE Column stats: NONE
                        Select Operator
                          expressions: _col1 (type: smallint), _col5 (type: double)
                          outputColumnNames: _col0, _col1
                          Statistics: Num rows: 3379 Data size: 103739 Basic stats: COMPLETE Column stats: NONE
                          Reduce Output Operator
                            key expressions: _col0 (type: smallint)
                            sort order: +
                            Map-reduce partition columns: _col0 (type: smallint)
                            Statistics: Num rows: 3379 Data size: 103739 Basic stats: COMPLETE Column stats: NONE
                            value expressions: _col1 (type: double)
            Execution mode: vectorized
        Reducer 2 
            Reduce Operator Tree:
              Group By Operator
                aggregations: sum(VALUE._col0)
                mode: mergepartial
                outputColumnNames: _col0
                Statistics: Num rows: 1 Data size: 8 Basic stats: COMPLETE Column stats: NONE
                Select Operator
                  expressions: _col0 (type: double)
                  outputColumnNames: _col0
                  Statistics: Num rows: 1 Data size: 8 Basic stats: COMPLETE Column stats: NONE
                  File Output Operator
                    compressed: false
                    Statistics: Num rows: 1 Data size: 8 Basic stats: COMPLETE Column stats: NONE
                    table:
                        input format: org.apache.hadoop.mapred.TextInputFormat
                        output format: org.apache.hadoop.hive.ql.io.HiveIgnoreKeyTextOutputFormat
                        serde: org.apache.hadoop.hive.serde2.lazy.LazySimpleSerDe
            Execution mode: vectorized

  Stage: Stage-0
    Fetch Operator
      limit: -1
      Processor Tree:
        ListSink

PREHOOK: query: select sum(t1.td) from (select  v1.csmallint as tsi, v1.cdouble as td from alltypesorc v1, alltypesorc v2 where v1.ctinyint=v2.ctinyint) t1 join alltypesorc v3 on t1.tsi=v3.csmallint
PREHOOK: type: QUERY
PREHOOK: Input: default@alltypesorc
#### A masked pattern was here ####
POSTHOOK: query: select sum(t1.td) from (select  v1.csmallint as tsi, v1.cdouble as td from alltypesorc v1, alltypesorc v2 where v1.ctinyint=v2.ctinyint) t1 join alltypesorc v3 on t1.tsi=v3.csmallint
POSTHOOK: type: QUERY
POSTHOOK: Input: default@alltypesorc
#### A masked pattern was here ####
6.06519093248863E11
