PREHOOK: query: -- see HIVE-4033 earlier a flag named hasVC was not initialized correctly in MapOperator.java, resulting in NPE for following query. order by and limit in the query is not relevant, problem would be evident even without those. They are there to keep .q.out file small and sorted.

explain select t3.BLOCK__OFFSET__INSIDE__FILE,t3.key,t3.value from src t1 join src t2 on t1.key = t2.key join src t3 on t2.value = t3.value order by t3.BLOCK__OFFSET__INSIDE__FILE,t3.key,t3.value limit 3
PREHOOK: type: QUERY
POSTHOOK: query: -- see HIVE-4033 earlier a flag named hasVC was not initialized correctly in MapOperator.java, resulting in NPE for following query. order by and limit in the query is not relevant, problem would be evident even without those. They are there to keep .q.out file small and sorted.

explain select t3.BLOCK__OFFSET__INSIDE__FILE,t3.key,t3.value from src t1 join src t2 on t1.key = t2.key join src t3 on t2.value = t3.value order by t3.BLOCK__OFFSET__INSIDE__FILE,t3.key,t3.value limit 3
POSTHOOK: type: QUERY
STAGE DEPENDENCIES:
  Stage-3 is a root stage
  Stage-1 depends on stages: Stage-3
  Stage-2 depends on stages: Stage-1
  Stage-0 depends on stages: Stage-2

STAGE PLANS:
  Stage: Stage-3
    Map Reduce
      Map Operator Tree:
          TableScan
            alias: t2
            Statistics: Num rows: 500 Data size: 5312 Basic stats: COMPLETE Column stats: NONE
            Filter Operator
              predicate: (key is not null and value is not null) (type: boolean)
              Statistics: Num rows: 125 Data size: 1328 Basic stats: COMPLETE Column stats: NONE
              Reduce Output Operator
                key expressions: key (type: string)
                sort order: +
                Map-reduce partition columns: key (type: string)
                Statistics: Num rows: 125 Data size: 1328 Basic stats: COMPLETE Column stats: NONE
                value expressions: value (type: string)
          TableScan
            alias: t1
            Statistics: Num rows: 500 Data size: 5312 Basic stats: COMPLETE Column stats: NONE
            Filter Operator
              predicate: key is not null (type: boolean)
              Statistics: Num rows: 250 Data size: 2656 Basic stats: COMPLETE Column stats: NONE
              Reduce Output Operator
                key expressions: key (type: string)
                sort order: +
                Map-reduce partition columns: key (type: string)
                Statistics: Num rows: 250 Data size: 2656 Basic stats: COMPLETE Column stats: NONE
      Reduce Operator Tree:
        Join Operator
          condition map:
               Inner Join 0 to 1
          condition expressions:
            0 
            1 {VALUE._col0}
          outputColumnNames: _col6
          Statistics: Num rows: 275 Data size: 2921 Basic stats: COMPLETE Column stats: NONE
          File Output Operator
            compressed: false
            table:
                input format: org.apache.hadoop.mapred.SequenceFileInputFormat
                output format: org.apache.hadoop.hive.ql.io.HiveSequenceFileOutputFormat
                serde: org.apache.hadoop.hive.serde2.lazybinary.LazyBinarySerDe

  Stage: Stage-1
    Map Reduce
      Map Operator Tree:
          TableScan
            alias: t3
            Statistics: Num rows: 500 Data size: 5312 Basic stats: COMPLETE Column stats: NONE
            Filter Operator
              predicate: value is not null (type: boolean)
              Statistics: Num rows: 250 Data size: 2656 Basic stats: COMPLETE Column stats: NONE
              Reduce Output Operator
                key expressions: value (type: string)
                sort order: +
                Map-reduce partition columns: value (type: string)
                Statistics: Num rows: 250 Data size: 2656 Basic stats: COMPLETE Column stats: NONE
                value expressions: key (type: string), BLOCK__OFFSET__INSIDE__FILE (type: bigint)
          TableScan
            Reduce Output Operator
              key expressions: _col6 (type: string)
              sort order: +
              Map-reduce partition columns: _col6 (type: string)
              Statistics: Num rows: 275 Data size: 2921 Basic stats: COMPLETE Column stats: NONE
      Reduce Operator Tree:
        Join Operator
          condition map:
               Inner Join 0 to 1
          condition expressions:
            0 
            1 {VALUE._col0} {KEY.reducesinkkey0} {VALUE._col1}
          outputColumnNames: _col10, _col11, _col12
          Statistics: Num rows: 302 Data size: 3213 Basic stats: COMPLETE Column stats: NONE
          Select Operator
            expressions: _col12 (type: bigint), _col10 (type: string), _col11 (type: string)
            outputColumnNames: _col0, _col1, _col2
            Statistics: Num rows: 302 Data size: 3213 Basic stats: COMPLETE Column stats: NONE
            File Output Operator
              compressed: false
              table:
                  input format: org.apache.hadoop.mapred.SequenceFileInputFormat
                  output format: org.apache.hadoop.hive.ql.io.HiveSequenceFileOutputFormat
                  serde: org.apache.hadoop.hive.serde2.lazybinary.LazyBinarySerDe

  Stage: Stage-2
    Map Reduce
      Map Operator Tree:
          TableScan
            Reduce Output Operator
              key expressions: _col0 (type: bigint), _col1 (type: string), _col2 (type: string)
              sort order: +++
              Statistics: Num rows: 302 Data size: 3213 Basic stats: COMPLETE Column stats: NONE
      Reduce Operator Tree:
        Select Operator
          expressions: KEY.reducesinkkey0 (type: bigint), KEY.reducesinkkey1 (type: string), KEY.reducesinkkey2 (type: string)
          outputColumnNames: _col0, _col1, _col2
          Statistics: Num rows: 302 Data size: 3213 Basic stats: COMPLETE Column stats: NONE
          Limit
            Number of rows: 3
            Statistics: Num rows: 3 Data size: 30 Basic stats: COMPLETE Column stats: NONE
            File Output Operator
              compressed: false
              Statistics: Num rows: 3 Data size: 30 Basic stats: COMPLETE Column stats: NONE
              table:
                  input format: org.apache.hadoop.mapred.TextInputFormat
                  output format: org.apache.hadoop.hive.ql.io.HiveIgnoreKeyTextOutputFormat
                  serde: org.apache.hadoop.hive.serde2.lazy.LazySimpleSerDe

  Stage: Stage-0
    Fetch Operator
      limit: 3
      Processor Tree:
        ListSink

PREHOOK: query: select t3.BLOCK__OFFSET__INSIDE__FILE,t3.key,t3.value from src t1 join src t2 on t1.key = t2.key join src t3 on t2.value = t3.value order by t3.BLOCK__OFFSET__INSIDE__FILE,t3.key,t3.value limit 3
PREHOOK: type: QUERY
PREHOOK: Input: default@src
#### A masked pattern was here ####
POSTHOOK: query: select t3.BLOCK__OFFSET__INSIDE__FILE,t3.key,t3.value from src t1 join src t2 on t1.key = t2.key join src t3 on t2.value = t3.value order by t3.BLOCK__OFFSET__INSIDE__FILE,t3.key,t3.value limit 3
POSTHOOK: type: QUERY
POSTHOOK: Input: default@src
#### A masked pattern was here ####
0	238	val_238
0	238	val_238
0	238	val_238
PREHOOK: query: explain
select t2.BLOCK__OFFSET__INSIDE__FILE
from src t1 join src t2 on t1.key = t2.key where t1.key < 100
PREHOOK: type: QUERY
POSTHOOK: query: explain
select t2.BLOCK__OFFSET__INSIDE__FILE
from src t1 join src t2 on t1.key = t2.key where t1.key < 100
POSTHOOK: type: QUERY
STAGE DEPENDENCIES:
  Stage-1 is a root stage
  Stage-0 depends on stages: Stage-1

STAGE PLANS:
  Stage: Stage-1
    Map Reduce
      Map Operator Tree:
          TableScan
            alias: t2
            Statistics: Num rows: 500 Data size: 5312 Basic stats: COMPLETE Column stats: NONE
            Filter Operator
              predicate: (key < 100) (type: boolean)
              Statistics: Num rows: 166 Data size: 1763 Basic stats: COMPLETE Column stats: NONE
              Reduce Output Operator
                key expressions: key (type: string)
                sort order: +
                Map-reduce partition columns: key (type: string)
                Statistics: Num rows: 166 Data size: 1763 Basic stats: COMPLETE Column stats: NONE
                value expressions: BLOCK__OFFSET__INSIDE__FILE (type: bigint)
          TableScan
            alias: t1
            Statistics: Num rows: 500 Data size: 5312 Basic stats: COMPLETE Column stats: NONE
            Filter Operator
              predicate: (key < 100) (type: boolean)
              Statistics: Num rows: 166 Data size: 1763 Basic stats: COMPLETE Column stats: NONE
              Reduce Output Operator
                key expressions: key (type: string)
                sort order: +
                Map-reduce partition columns: key (type: string)
                Statistics: Num rows: 166 Data size: 1763 Basic stats: COMPLETE Column stats: NONE
      Reduce Operator Tree:
        Join Operator
          condition map:
               Inner Join 0 to 1
          condition expressions:
            0 
            1 {VALUE._col1}
          outputColumnNames: _col7
          Statistics: Num rows: 182 Data size: 1939 Basic stats: COMPLETE Column stats: NONE
          Select Operator
            expressions: _col7 (type: bigint)
            outputColumnNames: _col0
            Statistics: Num rows: 182 Data size: 1939 Basic stats: COMPLETE Column stats: NONE
            File Output Operator
              compressed: false
              Statistics: Num rows: 182 Data size: 1939 Basic stats: COMPLETE Column stats: NONE
              table:
                  input format: org.apache.hadoop.mapred.TextInputFormat
                  output format: org.apache.hadoop.hive.ql.io.HiveIgnoreKeyTextOutputFormat
                  serde: org.apache.hadoop.hive.serde2.lazy.LazySimpleSerDe

  Stage: Stage-0
    Fetch Operator
      limit: -1
      Processor Tree:
        ListSink

PREHOOK: query: select t2.BLOCK__OFFSET__INSIDE__FILE
from src t1 join src t2 on t1.key = t2.key where t1.key < 100
PREHOOK: type: QUERY
PREHOOK: Input: default@src
#### A masked pattern was here ####
POSTHOOK: query: select t2.BLOCK__OFFSET__INSIDE__FILE
from src t1 join src t2 on t1.key = t2.key where t1.key < 100
POSTHOOK: type: QUERY
POSTHOOK: Input: default@src
#### A masked pattern was here ####
2088
2632
968
2088
2632
968
2088
2632
968
2846
3170
1720
4362
1720
4362
386
2770
386
2770
910
5340
5514
5340
5514
2824
4004
1118
4594
1972
4594
1972
2226
5284
2226
5284
34
5616
3494
3592
3192
3138
4012
1238
3138
4012
1238
3138
4012
1238
5626
328
5626
328
1218
3388
2030
3298
2030
3298
2330
4068
1198
3060
4540
3864
3060
4540
3864
3060
4540
3864
2308
1462
2308
1462
4186
1440
1024
1906
3128
1906
3128
3516
1592
198
1754
5306
1754
5306
3570
3794
4640
4548
3794
4640
4548
3794
4640
4548
2792
1208
2792
1208
3548
3378
3538
3378
3538
2622
3368
1916
4058
396
5070
1674
5070
1674
1872
5606
1872
5606
2612
12
2652
5398
2802
5744
4304
2802
5744
4304
2802
5744
4304
1176
3160
2400
3160
2400
2216
5572
5802
5572
5802
92
2458
92
2458
