PREHOOK: query: DROP TABLE part
PREHOOK: type: DROPTABLE
POSTHOOK: query: DROP TABLE part
POSTHOOK: type: DROPTABLE
PREHOOK: query: -- data setup
CREATE TABLE part( 
    p_partkey INT,
    p_name STRING,
    p_mfgr STRING,
    p_brand STRING,
    p_type STRING,
    p_size INT,
    p_container STRING,
    p_retailprice DOUBLE,
    p_comment STRING
)
PREHOOK: type: CREATETABLE
PREHOOK: Output: database:default
PREHOOK: Output: default@part
POSTHOOK: query: -- data setup
CREATE TABLE part( 
    p_partkey INT,
    p_name STRING,
    p_mfgr STRING,
    p_brand STRING,
    p_type STRING,
    p_size INT,
    p_container STRING,
    p_retailprice DOUBLE,
    p_comment STRING
)
POSTHOOK: type: CREATETABLE
POSTHOOK: Output: database:default
POSTHOOK: Output: default@part
PREHOOK: query: LOAD DATA LOCAL INPATH '../../data/files/part_tiny.txt' overwrite into table part
PREHOOK: type: LOAD
#### A masked pattern was here ####
PREHOOK: Output: default@part
POSTHOOK: query: LOAD DATA LOCAL INPATH '../../data/files/part_tiny.txt' overwrite into table part
POSTHOOK: type: LOAD
#### A masked pattern was here ####
POSTHOOK: Output: default@part
PREHOOK: query: explain select *
from part p1 join part p2 join part p3 on p1.p_name = p2.p_name join part p4 on p2.p_name = p3.p_name and p1.p_name = p4.p_name
PREHOOK: type: QUERY
POSTHOOK: query: explain select *
from part p1 join part p2 join part p3 on p1.p_name = p2.p_name join part p4 on p2.p_name = p3.p_name and p1.p_name = p4.p_name
POSTHOOK: type: QUERY
STAGE DEPENDENCIES:
  Stage-1 is a root stage
  Stage-0 depends on stages: Stage-1

STAGE PLANS:
  Stage: Stage-1
    Map Reduce
      Map Operator Tree:
          TableScan
            alias: p4
            Statistics: Num rows: 5 Data size: 3173 Basic stats: COMPLETE Column stats: NONE
            Filter Operator
              predicate: p_name is not null (type: boolean)
              Statistics: Num rows: 3 Data size: 1903 Basic stats: COMPLETE Column stats: NONE
              Reduce Output Operator
                key expressions: p_name (type: string)
                sort order: +
                Map-reduce partition columns: p_name (type: string)
                Statistics: Num rows: 3 Data size: 1903 Basic stats: COMPLETE Column stats: NONE
                value expressions: p_partkey (type: int), p_mfgr (type: string), p_brand (type: string), p_type (type: string), p_size (type: int), p_container (type: string), p_retailprice (type: double), p_comment (type: string)
          TableScan
            alias: p3
            Statistics: Num rows: 5 Data size: 3173 Basic stats: COMPLETE Column stats: NONE
            Filter Operator
              predicate: p_name is not null (type: boolean)
              Statistics: Num rows: 3 Data size: 1903 Basic stats: COMPLETE Column stats: NONE
              Reduce Output Operator
                key expressions: p_name (type: string)
                sort order: +
                Map-reduce partition columns: p_name (type: string)
                Statistics: Num rows: 3 Data size: 1903 Basic stats: COMPLETE Column stats: NONE
                value expressions: p_partkey (type: int), p_mfgr (type: string), p_brand (type: string), p_type (type: string), p_size (type: int), p_container (type: string), p_retailprice (type: double), p_comment (type: string)
          TableScan
            alias: p2
            Statistics: Num rows: 5 Data size: 3173 Basic stats: COMPLETE Column stats: NONE
            Filter Operator
              predicate: p_name is not null (type: boolean)
              Statistics: Num rows: 3 Data size: 1903 Basic stats: COMPLETE Column stats: NONE
              Reduce Output Operator
                key expressions: p_name (type: string)
                sort order: +
                Map-reduce partition columns: p_name (type: string)
                Statistics: Num rows: 3 Data size: 1903 Basic stats: COMPLETE Column stats: NONE
                value expressions: p_partkey (type: int), p_mfgr (type: string), p_brand (type: string), p_type (type: string), p_size (type: int), p_container (type: string), p_retailprice (type: double), p_comment (type: string)
          TableScan
            alias: p1
            Statistics: Num rows: 5 Data size: 3173 Basic stats: COMPLETE Column stats: NONE
            Filter Operator
              predicate: p_name is not null (type: boolean)
              Statistics: Num rows: 3 Data size: 1903 Basic stats: COMPLETE Column stats: NONE
              Reduce Output Operator
                key expressions: p_name (type: string)
                sort order: +
                Map-reduce partition columns: p_name (type: string)
                Statistics: Num rows: 3 Data size: 1903 Basic stats: COMPLETE Column stats: NONE
                value expressions: p_partkey (type: int), p_mfgr (type: string), p_brand (type: string), p_type (type: string), p_size (type: int), p_container (type: string), p_retailprice (type: double), p_comment (type: string)
      Reduce Operator Tree:
        Join Operator
          condition map:
               Inner Join 0 to 1
               Inner Join 1 to 2
               Inner Join 0 to 3
          condition expressions:
            0 {VALUE._col0} {KEY.reducesinkkey0} {VALUE._col1} {VALUE._col2} {VALUE._col3} {VALUE._col4} {VALUE._col5} {VALUE._col6} {VALUE._col7}
            1 {VALUE._col0} {KEY.reducesinkkey0} {VALUE._col1} {VALUE._col2} {VALUE._col3} {VALUE._col4} {VALUE._col5} {VALUE._col6} {VALUE._col7}
            2 {VALUE._col0} {KEY.reducesinkkey0} {VALUE._col1} {VALUE._col2} {VALUE._col3} {VALUE._col4} {VALUE._col5} {VALUE._col6} {VALUE._col7}
            3 {VALUE._col0} {KEY.reducesinkkey0} {VALUE._col1} {VALUE._col2} {VALUE._col3} {VALUE._col4} {VALUE._col5} {VALUE._col6} {VALUE._col7}
          outputColumnNames: _col0, _col1, _col2, _col3, _col4, _col5, _col6, _col7, _col8, _col12, _col13, _col14, _col15, _col16, _col17, _col18, _col19, _col20, _col24, _col25, _col26, _col27, _col28, _col29, _col30, _col31, _col32, _col36, _col37, _col38, _col39, _col40, _col41, _col42, _col43, _col44
          Statistics: Num rows: 9 Data size: 6279 Basic stats: COMPLETE Column stats: NONE
          Select Operator
            expressions: _col0 (type: int), _col1 (type: string), _col2 (type: string), _col3 (type: string), _col4 (type: string), _col5 (type: int), _col6 (type: string), _col7 (type: double), _col8 (type: string), _col12 (type: int), _col13 (type: string), _col14 (type: string), _col15 (type: string), _col16 (type: string), _col17 (type: int), _col18 (type: string), _col19 (type: double), _col20 (type: string), _col24 (type: int), _col25 (type: string), _col26 (type: string), _col27 (type: string), _col28 (type: string), _col29 (type: int), _col30 (type: string), _col31 (type: double), _col32 (type: string), _col36 (type: int), _col37 (type: string), _col38 (type: string), _col39 (type: string), _col40 (type: string), _col41 (type: int), _col42 (type: string), _col43 (type: double), _col44 (type: string)
            outputColumnNames: _col0, _col1, _col2, _col3, _col4, _col5, _col6, _col7, _col8, _col9, _col10, _col11, _col12, _col13, _col14, _col15, _col16, _col17, _col18, _col19, _col20, _col21, _col22, _col23, _col24, _col25, _col26, _col27, _col28, _col29, _col30, _col31, _col32, _col33, _col34, _col35
            Statistics: Num rows: 9 Data size: 6279 Basic stats: COMPLETE Column stats: NONE
            File Output Operator
              compressed: false
              Statistics: Num rows: 9 Data size: 6279 Basic stats: COMPLETE Column stats: NONE
              table:
                  input format: org.apache.hadoop.mapred.TextInputFormat
                  output format: org.apache.hadoop.hive.ql.io.HiveIgnoreKeyTextOutputFormat
                  serde: org.apache.hadoop.hive.serde2.lazy.LazySimpleSerDe

  Stage: Stage-0
    Fetch Operator
      limit: -1
      Processor Tree:
        ListSink

PREHOOK: query: explain select *
from part p1 join part p2 join part p3 on p2.p_name = p1.p_name join part p4 on p2.p_name = p3.p_name and p1.p_partkey = p4.p_partkey 
            and p1.p_partkey = p2.p_partkey
PREHOOK: type: QUERY
POSTHOOK: query: explain select *
from part p1 join part p2 join part p3 on p2.p_name = p1.p_name join part p4 on p2.p_name = p3.p_name and p1.p_partkey = p4.p_partkey 
            and p1.p_partkey = p2.p_partkey
POSTHOOK: type: QUERY
STAGE DEPENDENCIES:
  Stage-3 is a root stage
  Stage-2 depends on stages: Stage-3
  Stage-1 depends on stages: Stage-2
  Stage-0 depends on stages: Stage-1

STAGE PLANS:
  Stage: Stage-3
    Map Reduce
      Map Operator Tree:
          TableScan
            alias: p2
            Statistics: Num rows: 5 Data size: 3173 Basic stats: COMPLETE Column stats: NONE
            Filter Operator
              predicate: (p_name is not null and p_partkey is not null) (type: boolean)
              Statistics: Num rows: 2 Data size: 1269 Basic stats: COMPLETE Column stats: NONE
              Reduce Output Operator
                key expressions: p_name (type: string), p_partkey (type: int)
                sort order: ++
                Map-reduce partition columns: p_name (type: string), p_partkey (type: int)
                Statistics: Num rows: 2 Data size: 1269 Basic stats: COMPLETE Column stats: NONE
                value expressions: p_mfgr (type: string), p_brand (type: string), p_type (type: string), p_size (type: int), p_container (type: string), p_retailprice (type: double), p_comment (type: string)
          TableScan
            alias: p1
            Statistics: Num rows: 5 Data size: 3173 Basic stats: COMPLETE Column stats: NONE
            Filter Operator
              predicate: (p_name is not null and p_partkey is not null) (type: boolean)
              Statistics: Num rows: 2 Data size: 1269 Basic stats: COMPLETE Column stats: NONE
              Reduce Output Operator
                key expressions: p_name (type: string), p_partkey (type: int)
                sort order: ++
                Map-reduce partition columns: p_name (type: string), p_partkey (type: int)
                Statistics: Num rows: 2 Data size: 1269 Basic stats: COMPLETE Column stats: NONE
                value expressions: p_mfgr (type: string), p_brand (type: string), p_type (type: string), p_size (type: int), p_container (type: string), p_retailprice (type: double), p_comment (type: string)
      Reduce Operator Tree:
        Join Operator
          condition map:
               Inner Join 0 to 1
          condition expressions:
            0 {KEY.reducesinkkey1} {KEY.reducesinkkey0} {VALUE._col0} {VALUE._col1} {VALUE._col2} {VALUE._col3} {VALUE._col4} {VALUE._col5} {VALUE._col6}
            1 {KEY.reducesinkkey1} {KEY.reducesinkkey0} {VALUE._col0} {VALUE._col1} {VALUE._col2} {VALUE._col3} {VALUE._col4} {VALUE._col5} {VALUE._col6}
          outputColumnNames: _col0, _col1, _col2, _col3, _col4, _col5, _col6, _col7, _col8, _col12, _col13, _col14, _col15, _col16, _col17, _col18, _col19, _col20
          Statistics: Num rows: 2 Data size: 1395 Basic stats: COMPLETE Column stats: NONE
          File Output Operator
            compressed: false
            table:
                input format: org.apache.hadoop.mapred.SequenceFileInputFormat
                output format: org.apache.hadoop.hive.ql.io.HiveSequenceFileOutputFormat
                serde: org.apache.hadoop.hive.serde2.lazybinary.LazyBinarySerDe

  Stage: Stage-2
    Map Reduce
      Map Operator Tree:
          TableScan
            alias: p3
            Statistics: Num rows: 5 Data size: 3173 Basic stats: COMPLETE Column stats: NONE
            Filter Operator
              predicate: p_name is not null (type: boolean)
              Statistics: Num rows: 3 Data size: 1903 Basic stats: COMPLETE Column stats: NONE
              Reduce Output Operator
                key expressions: p_name (type: string)
                sort order: +
                Map-reduce partition columns: p_name (type: string)
                Statistics: Num rows: 3 Data size: 1903 Basic stats: COMPLETE Column stats: NONE
                value expressions: p_partkey (type: int), p_mfgr (type: string), p_brand (type: string), p_type (type: string), p_size (type: int), p_container (type: string), p_retailprice (type: double), p_comment (type: string)
          TableScan
            Reduce Output Operator
              key expressions: _col13 (type: string)
              sort order: +
              Map-reduce partition columns: _col13 (type: string)
              Statistics: Num rows: 2 Data size: 1395 Basic stats: COMPLETE Column stats: NONE
              value expressions: _col0 (type: int), _col1 (type: string), _col2 (type: string), _col3 (type: string), _col4 (type: string), _col5 (type: int), _col6 (type: string), _col7 (type: double), _col8 (type: string), _col12 (type: int), _col14 (type: string), _col15 (type: string), _col16 (type: string), _col17 (type: int), _col18 (type: string), _col19 (type: double), _col20 (type: string)
      Reduce Operator Tree:
        Join Operator
          condition map:
               Inner Join 0 to 1
          condition expressions:
            0 {VALUE._col0} {VALUE._col1} {VALUE._col2} {VALUE._col3} {VALUE._col4} {VALUE._col5} {VALUE._col6} {VALUE._col7} {VALUE._col8} {VALUE._col12} {KEY.reducesinkkey0} {VALUE._col13} {VALUE._col14} {VALUE._col15} {VALUE._col16} {VALUE._col17} {VALUE._col18} {VALUE._col19}
            1 {VALUE._col0} {KEY.reducesinkkey0} {VALUE._col1} {VALUE._col2} {VALUE._col3} {VALUE._col4} {VALUE._col5} {VALUE._col6} {VALUE._col7}
          outputColumnNames: _col0, _col1, _col2, _col3, _col4, _col5, _col6, _col7, _col8, _col12, _col13, _col14, _col15, _col16, _col17, _col18, _col19, _col20, _col24, _col25, _col26, _col27, _col28, _col29, _col30, _col31, _col32
          Statistics: Num rows: 3 Data size: 2093 Basic stats: COMPLETE Column stats: NONE
          File Output Operator
            compressed: false
            table:
                input format: org.apache.hadoop.mapred.SequenceFileInputFormat
                output format: org.apache.hadoop.hive.ql.io.HiveSequenceFileOutputFormat
                serde: org.apache.hadoop.hive.serde2.lazybinary.LazyBinarySerDe

  Stage: Stage-1
    Map Reduce
      Map Operator Tree:
          TableScan
            alias: p4
            Statistics: Num rows: 5 Data size: 3173 Basic stats: COMPLETE Column stats: NONE
            Filter Operator
              predicate: p_partkey is not null (type: boolean)
              Statistics: Num rows: 3 Data size: 1903 Basic stats: COMPLETE Column stats: NONE
              Reduce Output Operator
                key expressions: p_partkey (type: int)
                sort order: +
                Map-reduce partition columns: p_partkey (type: int)
                Statistics: Num rows: 3 Data size: 1903 Basic stats: COMPLETE Column stats: NONE
                value expressions: p_name (type: string), p_mfgr (type: string), p_brand (type: string), p_type (type: string), p_size (type: int), p_container (type: string), p_retailprice (type: double), p_comment (type: string)
          TableScan
            Reduce Output Operator
              key expressions: _col0 (type: int)
              sort order: +
              Map-reduce partition columns: _col0 (type: int)
              Statistics: Num rows: 3 Data size: 2093 Basic stats: COMPLETE Column stats: NONE
              value expressions: _col1 (type: string), _col2 (type: string), _col3 (type: string), _col4 (type: string), _col5 (type: int), _col6 (type: string), _col7 (type: double), _col8 (type: string), _col12 (type: int), _col13 (type: string), _col14 (type: string), _col15 (type: string), _col16 (type: string), _col17 (type: int), _col18 (type: string), _col19 (type: double), _col20 (type: string), _col24 (type: int), _col25 (type: string), _col26 (type: string), _col27 (type: string), _col28 (type: string), _col29 (type: int), _col30 (type: string), _col31 (type: double), _col32 (type: string)
      Reduce Operator Tree:
        Join Operator
          condition map:
               Inner Join 0 to 1
          condition expressions:
            0 {KEY.reducesinkkey0} {VALUE._col0} {VALUE._col1} {VALUE._col2} {VALUE._col3} {VALUE._col4} {VALUE._col5} {VALUE._col6} {VALUE._col7} {VALUE._col11} {VALUE._col12} {VALUE._col13} {VALUE._col14} {VALUE._col15} {VALUE._col16} {VALUE._col17} {VALUE._col18} {VALUE._col19} {VALUE._col23} {VALUE._col24} {VALUE._col25} {VALUE._col26} {VALUE._col27} {VALUE._col28} {VALUE._col29} {VALUE._col30} {VALUE._col31}
            1 {KEY.reducesinkkey0} {VALUE._col0} {VALUE._col1} {VALUE._col2} {VALUE._col3} {VALUE._col4} {VALUE._col5} {VALUE._col6} {VALUE._col7}
          outputColumnNames: _col0, _col1, _col2, _col3, _col4, _col5, _col6, _col7, _col8, _col12, _col13, _col14, _col15, _col16, _col17, _col18, _col19, _col20, _col24, _col25, _col26, _col27, _col28, _col29, _col30, _col31, _col32, _col36, _col37, _col38, _col39, _col40, _col41, _col42, _col43, _col44
          Statistics: Num rows: 3 Data size: 2302 Basic stats: COMPLETE Column stats: NONE
          Select Operator
            expressions: _col0 (type: int), _col1 (type: string), _col2 (type: string), _col3 (type: string), _col4 (type: string), _col5 (type: int), _col6 (type: string), _col7 (type: double), _col8 (type: string), _col12 (type: int), _col13 (type: string), _col14 (type: string), _col15 (type: string), _col16 (type: string), _col17 (type: int), _col18 (type: string), _col19 (type: double), _col20 (type: string), _col24 (type: int), _col25 (type: string), _col26 (type: string), _col27 (type: string), _col28 (type: string), _col29 (type: int), _col30 (type: string), _col31 (type: double), _col32 (type: string), _col36 (type: int), _col37 (type: string), _col38 (type: string), _col39 (type: string), _col40 (type: string), _col41 (type: int), _col42 (type: string), _col43 (type: double), _col44 (type: string)
            outputColumnNames: _col0, _col1, _col2, _col3, _col4, _col5, _col6, _col7, _col8, _col9, _col10, _col11, _col12, _col13, _col14, _col15, _col16, _col17, _col18, _col19, _col20, _col21, _col22, _col23, _col24, _col25, _col26, _col27, _col28, _col29, _col30, _col31, _col32, _col33, _col34, _col35
            Statistics: Num rows: 3 Data size: 2302 Basic stats: COMPLETE Column stats: NONE
            File Output Operator
              compressed: false
              Statistics: Num rows: 3 Data size: 2302 Basic stats: COMPLETE Column stats: NONE
              table:
                  input format: org.apache.hadoop.mapred.TextInputFormat
                  output format: org.apache.hadoop.hive.ql.io.HiveIgnoreKeyTextOutputFormat
                  serde: org.apache.hadoop.hive.serde2.lazy.LazySimpleSerDe

  Stage: Stage-0
    Fetch Operator
      limit: -1
      Processor Tree:
        ListSink

